[2026-04-28 13:12:44] [INFO] Args: {
  "dataset": "ip102",
  "data_dir": "/root/autodl-tmp/MSCA-FasterNet/data/IP102",
  "cache_dir": null,
  "model": "fusion",
  "num_classes": 102,
  "pretrained": "/root/autodl-tmp/MSCA-FasterNet/checkpoints/fasternet_t0.pth",
  "msca_reduction": 16,
  "epochs": 150,
  "batch_size": 128,
  "lr": 0.0004,
  "min_lr": 1e-06,
  "weight_decay": 0.005,
  "label_smoothing": 0.1,
  "drop_path": 0.05,
  "warmup_epochs": 10,
  "scheduler": "cosine",
  "mixup_alpha": 0.2,
  "cutmix_alpha": 1.0,
  "mix_prob": 0.5,
  "freeze_epochs": 50,
  "unfreeze_lr_factor": 0.1,
  "workers": 8,
  "gpu": "0",
  "seed": 42,
  "amp": true,
  "no_amp": false,
  "clip_grad": 5.0,
  "output_dir": "/root/autodl-tmp/results_v6/ip102_fusion",
  "save_freq": 10,
  "print_freq": 50,
  "resume": null,
  "use_tensorboard": false
}
[2026-04-28 13:12:44] [INFO] Using GPU: NVIDIA GeForce RTX 4090 D | CUDA 11.8 | Memory: 24111MB
[2026-04-28 13:12:44] [INFO] Model: fusion | Params: 2.37M | Trainable: 2.37M
[2026-04-28 13:12:44] [INFO] Dataset: ip102 | Train: 36034 | Val: 4467 | Test: 4594
[2026-04-28 13:12:44] [INFO] Backbone frozen for first 50 epochs
[2026-04-28 13:12:44] [INFO] Starting training...
[2026-04-28 13:13:25] [INFO] Epoch [0/150] Train Loss: 4.6032e+00 Acc@1: 3.28 Acc@5: 11.52 | Val Loss: 4.5732e+00 Acc@1: 6.20 Acc@5: 19.52 | LR: 4.00e-05
[2026-04-28 13:14:05] [INFO] Epoch [1/150] Train Loss: 4.4825e+00 Acc@1: 7.33 Acc@5: 21.95 | Val Loss: 4.3497e+00 Acc@1: 7.43 Acc@5: 21.63 | LR: 8.00e-05
[2026-04-28 13:14:45] [INFO] Epoch [2/150] Train Loss: 4.2225e+00 Acc@1: 9.91 Acc@5: 27.81 | Val Loss: 4.0273e+00 Acc@1: 9.27 Acc@5: 30.71 | LR: 1.20e-04
