[2026-04-28 18:11:39] [INFO] Args: {
  "dataset": "ip102",
  "data_dir": "/root/autodl-tmp/MSCA-FasterNet/data/IP102",
  "cache_dir": null,
  "model": "full",
  "num_classes": 102,
  "pretrained": "/root/autodl-tmp/MSCA-FasterNet/checkpoints/fasternet_t0.pth",
  "msca_reduction": 16,
  "epochs": 150,
  "batch_size": 128,
  "lr": 0.0004,
  "min_lr": 1e-06,
  "weight_decay": 0.005,
  "label_smoothing": 0.1,
  "drop_path": 0.05,
  "warmup_epochs": 10,
  "scheduler": "cosine",
  "mixup_alpha": 0.2,
  "cutmix_alpha": 1.0,
  "mix_prob": 0.5,
  "freeze_epochs": 50,
  "unfreeze_lr_factor": 0.1,
  "workers": 8,
  "gpu": "0",
  "seed": 42,
  "amp": true,
  "no_amp": false,
  "clip_grad": 5.0,
  "output_dir": "/root/autodl-tmp/results_v6/ip102_full",
  "save_freq": 10,
  "print_freq": 50,
  "resume": null,
  "use_tensorboard": false
}
[2026-04-28 18:11:39] [INFO] Using GPU: NVIDIA GeForce RTX 4090 D | CUDA 11.8 | Memory: 24111MB
[2026-04-28 18:11:39] [INFO] Model: full | Params: 2.41M | Trainable: 2.41M
[2026-04-28 18:11:40] [INFO] Dataset: ip102 | Train: 36034 | Val: 4467 | Test: 4594
[2026-04-28 18:11:40] [INFO] Backbone frozen for first 50 epochs
[2026-04-28 18:11:40] [INFO] Starting training...
[2026-04-28 18:12:21] [INFO] Epoch [0/150] Train Loss: 4.5845e+00 Acc@1: 3.46 Acc@5: 12.91 | Val Loss: 4.5150e+00 Acc@1: 5.95 Acc@5: 23.71 | LR: 4.00e-05
[2026-04-28 18:13:01] [INFO] Epoch [1/150] Train Loss: 4.3186e+00 Acc@1: 10.31 Acc@5: 28.88 | Val Loss: 4.0335e+00 Acc@1: 12.38 Acc@5: 36.51 | LR: 8.00e-05
[2026-04-28 18:13:41] [INFO] Epoch [2/150] Train Loss: 4.5371e+02 Acc@1: 18.88 Acc@5: 42.71 | Val Loss: 3.5510e+00 Acc@1: 22.63 Acc@5: 52.72 | LR: 1.20e-04
[2026-04-28 18:14:20] [INFO] Epoch [3/150] Train Loss: 9.9192e+02 Acc@1: 29.00 Acc@5: 55.79 | Val Loss: 3.0719e+00 Acc@1: 34.14 Acc@5: 66.60 | LR: 1.60e-04
[2026-04-28 18:15:02] [INFO] Epoch [4/150] Train Loss: 9.9900e+02 Acc@1: 35.59 Acc@5: 62.55 | Val Loss: 2.8715e+00 Acc@1: 37.81 Acc@5: 70.36 | LR: 2.00e-04
[2026-04-28 18:15:41] [INFO] Epoch [5/150] Train Loss: 9.9900e+02 Acc@1: 40.82 Acc@5: 68.27 | Val Loss: 2.6766e+00 Acc@1: 42.87 Acc@5: 74.88 | LR: 2.40e-04
[2026-04-28 18:16:20] [INFO] Epoch [6/150] Train Loss: 9.9900e+02 Acc@1: 44.90 Acc@5: 71.37 | Val Loss: 2.6018e+00 Acc@1: 44.93 Acc@5: 76.20 | LR: 2.80e-04
[2026-04-28 18:16:59] [INFO] Epoch [7/150] Train Loss: 9.9900e+02 Acc@1: 48.09 Acc@5: 74.45 | Val Loss: 2.6116e+00 Acc@1: 43.94 Acc@5: 75.89 | LR: 3.20e-04
[2026-04-28 18:17:39] [INFO] Epoch [8/150] Train Loss: 9.9900e+02 Acc@1: 50.45 Acc@5: 76.18 | Val Loss: 2.5265e+00 Acc@1: 47.37 Acc@5: 78.26 | LR: 3.60e-04
[2026-04-28 18:18:20] [INFO] Epoch [9/150] Train Loss: 9.9900e+02 Acc@1: 53.28 Acc@5: 77.75 | Val Loss: 2.4685e+00 Acc@1: 48.56 Acc@5: 79.09 | LR: 4.00e-04
[2026-04-28 18:19:00] [INFO] Epoch [10/150] Train Loss: 9.9900e+02 Acc@1: 56.11 Acc@5: 79.97 | Val Loss: 2.4243e+00 Acc@1: 50.66 Acc@5: 80.23 | LR: 4.00e-04
[2026-04-28 18:19:40] [INFO] Epoch [11/150] Train Loss: 9.9900e+02 Acc@1: 57.04 Acc@5: 80.42 | Val Loss: 2.4310e+00 Acc@1: 50.35 Acc@5: 79.43 | LR: 4.00e-04
[2026-04-28 18:20:20] [INFO] Epoch [12/150] Train Loss: 9.9900e+02 Acc@1: 58.54 Acc@5: 81.51 | Val Loss: 2.3638e+00 Acc@1: 52.76 Acc@5: 81.04 | LR: 4.00e-04
[2026-04-28 18:20:59] [INFO] Epoch [13/150] Train Loss: 9.9900e+02 Acc@1: 60.57 Acc@5: 83.03 | Val Loss: 2.3591e+00 Acc@1: 52.83 Acc@5: 81.06 | LR: 3.99e-04
[2026-04-28 18:21:38] [INFO] Epoch [14/150] Train Loss: 9.9900e+02 Acc@1: 60.96 Acc@5: 82.72 | Val Loss: 2.3266e+00 Acc@1: 53.91 Acc@5: 82.38 | LR: 3.99e-04
[2026-04-28 18:22:19] [INFO] Epoch [15/150] Train Loss: 9.9900e+02 Acc@1: 62.77 Acc@5: 83.98 | Val Loss: 2.3658e+00 Acc@1: 53.17 Acc@5: 81.60 | LR: 3.98e-04
[2026-04-28 18:22:58] [INFO] Epoch [16/150] Train Loss: 9.9900e+02 Acc@1: 61.73 Acc@5: 83.10 | Val Loss: 2.3306e+00 Acc@1: 54.02 Acc@5: 81.73 | LR: 3.98e-04
[2026-04-28 18:23:37] [INFO] Epoch [17/150] Train Loss: 9.9900e+02 Acc@1: 65.32 Acc@5: 85.25 | Val Loss: 2.2766e+00 Acc@1: 56.30 Acc@5: 82.94 | LR: 3.97e-04
[2026-04-28 18:24:17] [INFO] Epoch [18/150] Train Loss: 9.9900e+02 Acc@1: 63.50 Acc@5: 83.90 | Val Loss: 2.2690e+00 Acc@1: 56.15 Acc@5: 83.37 | LR: 3.96e-04
[2026-04-28 18:24:58] [INFO] Epoch [19/150] Train Loss: 9.9900e+02 Acc@1: 67.03 Acc@5: 86.54 | Val Loss: 2.2851e+00 Acc@1: 55.12 Acc@5: 82.29 | LR: 3.95e-04
[2026-04-28 18:25:37] [INFO] Epoch [20/150] Train Loss: 9.9900e+02 Acc@1: 66.94 Acc@5: 86.34 | Val Loss: 2.2572e+00 Acc@1: 56.41 Acc@5: 83.25 | LR: 3.94e-04
[2026-04-28 18:26:17] [INFO] Epoch [21/150] Train Loss: 9.9900e+02 Acc@1: 66.57 Acc@5: 85.89 | Val Loss: 2.2324e+00 Acc@1: 56.75 Acc@5: 83.55 | LR: 3.93e-04
[2026-04-28 18:26:55] [INFO] Epoch [22/150] Train Loss: 9.9900e+02 Acc@1: 67.25 Acc@5: 85.91 | Val Loss: 2.2635e+00 Acc@1: 56.32 Acc@5: 83.32 | LR: 3.92e-04
[2026-04-28 18:27:34] [INFO] Epoch [23/150] Train Loss: 9.9900e+02 Acc@1: 69.30 Acc@5: 87.69 | Val Loss: 2.2344e+00 Acc@1: 57.13 Acc@5: 83.61 | LR: 3.90e-04
[2026-04-28 18:28:12] [INFO] Epoch [24/150] Train Loss: 9.9900e+02 Acc@1: 67.54 Acc@5: 86.41 | Val Loss: 2.2122e+00 Acc@1: 58.59 Acc@5: 84.33 | LR: 3.89e-04
[2026-04-28 18:28:52] [INFO] Epoch [25/150] Train Loss: 9.9900e+02 Acc@1: 67.76 Acc@5: 86.36 | Val Loss: 2.2284e+00 Acc@1: 57.02 Acc@5: 84.26 | LR: 3.87e-04
[2026-04-28 18:29:31] [INFO] Epoch [26/150] Train Loss: 9.9900e+02 Acc@1: 69.15 Acc@5: 87.18 | Val Loss: 2.1932e+00 Acc@1: 58.14 Acc@5: 85.00 | LR: 3.86e-04
[2026-04-28 18:30:10] [INFO] Epoch [27/150] Train Loss: 9.9900e+02 Acc@1: 71.72 Acc@5: 88.62 | Val Loss: 2.2308e+00 Acc@1: 57.80 Acc@5: 84.17 | LR: 3.84e-04
[2026-04-28 18:30:47] [INFO] Epoch [28/150] Train Loss: 9.9900e+02 Acc@1: 72.68 Acc@5: 89.29 | Val Loss: 2.2121e+00 Acc@1: 58.00 Acc@5: 84.62 | LR: 3.82e-04
[2026-04-28 18:31:27] [INFO] Epoch [29/150] Train Loss: 9.9900e+02 Acc@1: 71.69 Acc@5: 88.68 | Val Loss: 2.2044e+00 Acc@1: 58.88 Acc@5: 84.04 | LR: 3.80e-04
[2026-04-28 18:32:05] [INFO] Epoch [30/150] Train Loss: 9.9900e+02 Acc@1: 73.28 Acc@5: 89.49 | Val Loss: 2.1964e+00 Acc@1: 58.94 Acc@5: 83.81 | LR: 3.78e-04
[2026-04-28 18:32:45] [INFO] Epoch [31/150] Train Loss: 9.9900e+02 Acc@1: 71.05 Acc@5: 88.04 | Val Loss: 2.2057e+00 Acc@1: 58.03 Acc@5: 84.44 | LR: 3.76e-04
[2026-04-28 18:33:25] [INFO] Epoch [32/150] Train Loss: 9.9900e+02 Acc@1: 72.10 Acc@5: 88.60 | Val Loss: 2.1965e+00 Acc@1: 58.52 Acc@5: 84.26 | LR: 3.74e-04
[2026-04-28 18:34:04] [INFO] Epoch [33/150] Train Loss: 9.9900e+02 Acc@1: 73.64 Acc@5: 89.67 | Val Loss: 2.1706e+00 Acc@1: 59.57 Acc@5: 85.14 | LR: 3.72e-04
[2026-04-28 18:34:45] [INFO] Epoch [34/150] Train Loss: 9.9900e+02 Acc@1: 72.21 Acc@5: 88.76 | Val Loss: 2.1880e+00 Acc@1: 58.59 Acc@5: 84.53 | LR: 3.69e-04
[2026-04-28 18:35:24] [INFO] Epoch [35/150] Train Loss: 9.9900e+02 Acc@1: 70.35 Acc@5: 87.67 | Val Loss: 2.1803e+00 Acc@1: 59.64 Acc@5: 84.40 | LR: 3.67e-04
[2026-04-28 18:36:05] [INFO] Epoch [36/150] Train Loss: 9.9900e+02 Acc@1: 72.14 Acc@5: 88.31 | Val Loss: 2.1881e+00 Acc@1: 58.99 Acc@5: 84.33 | LR: 3.64e-04
[2026-04-28 18:36:44] [INFO] Epoch [37/150] Train Loss: 9.9900e+02 Acc@1: 73.79 Acc@5: 89.52 | Val Loss: 2.1503e+00 Acc@1: 60.29 Acc@5: 85.09 | LR: 3.62e-04
[2026-04-28 18:37:25] [INFO] Epoch [38/150] Train Loss: 9.9900e+02 Acc@1: 72.59 Acc@5: 88.87 | Val Loss: 2.1595e+00 Acc@1: 59.57 Acc@5: 85.31 | LR: 3.59e-04
[2026-04-28 18:38:05] [INFO] Epoch [39/150] Train Loss: 9.9900e+02 Acc@1: 74.10 Acc@5: 89.26 | Val Loss: 2.1898e+00 Acc@1: 59.41 Acc@5: 84.37 | LR: 3.56e-04
[2026-04-28 18:38:46] [INFO] Epoch [40/150] Train Loss: 9.9900e+02 Acc@1: 75.35 Acc@5: 90.03 | Val Loss: 2.1269e+00 Acc@1: 61.61 Acc@5: 85.16 | LR: 3.54e-04
[2026-04-28 18:39:27] [INFO] Epoch [41/150] Train Loss: 9.9900e+02 Acc@1: 73.44 Acc@5: 88.94 | Val Loss: 2.1632e+00 Acc@1: 60.35 Acc@5: 84.58 | LR: 3.51e-04
[2026-04-28 18:40:07] [INFO] Epoch [42/150] Train Loss: 9.9900e+02 Acc@1: 74.04 Acc@5: 89.24 | Val Loss: 2.1335e+00 Acc@1: 61.47 Acc@5: 85.38 | LR: 3.48e-04
[2026-04-28 18:40:47] [INFO] Epoch [43/150] Train Loss: 9.9900e+02 Acc@1: 77.39 Acc@5: 90.92 | Val Loss: 2.1701e+00 Acc@1: 60.64 Acc@5: 84.78 | LR: 3.45e-04
[2026-04-28 18:41:27] [INFO] Epoch [44/150] Train Loss: 9.9900e+02 Acc@1: 74.46 Acc@5: 89.47 | Val Loss: 2.1712e+00 Acc@1: 60.64 Acc@5: 84.93 | LR: 3.42e-04
[2026-04-28 18:42:07] [INFO] Epoch [45/150] Train Loss: 9.9900e+02 Acc@1: 76.77 Acc@5: 91.10 | Val Loss: 2.1292e+00 Acc@1: 61.20 Acc@5: 85.02 | LR: 3.38e-04
[2026-04-28 18:42:48] [INFO] Epoch [46/150] Train Loss: 9.9900e+02 Acc@1: 76.45 Acc@5: 90.72 | Val Loss: 2.1329e+00 Acc@1: 61.23 Acc@5: 85.31 | LR: 3.35e-04
[2026-04-28 18:43:30] [INFO] Epoch [47/150] Train Loss: 9.9900e+02 Acc@1: 76.71 Acc@5: 90.47 | Val Loss: 2.1656e+00 Acc@1: 60.42 Acc@5: 84.87 | LR: 3.32e-04
[2026-04-28 18:44:11] [INFO] Epoch [48/150] Train Loss: 9.9900e+02 Acc@1: 78.17 Acc@5: 91.58 | Val Loss: 2.1373e+00 Acc@1: 61.74 Acc@5: 85.38 | LR: 3.28e-04
[2026-04-28 18:44:51] [INFO] Epoch [49/150] Train Loss: 9.9900e+02 Acc@1: 75.75 Acc@5: 90.15 | Val Loss: 2.1661e+00 Acc@1: 60.47 Acc@5: 84.62 | LR: 3.25e-04
[2026-04-28 18:44:51] [INFO] Unfrozen backbone at epoch 50, LR reduced by 0.1
[2026-04-28 18:45:32] [INFO] Epoch [50/150] Train Loss: 9.9900e+02 Acc@1: 76.39 Acc@5: 90.90 | Val Loss: 2.1194e+00 Acc@1: 62.17 Acc@5: 85.22 | LR: 3.21e-05
[2026-04-28 18:46:10] [INFO] Epoch [51/150] Train Loss: 9.9900e+02 Acc@1: 78.48 Acc@5: 91.18 | Val Loss: 2.1265e+00 Acc@1: 62.35 Acc@5: 85.14 | LR: 3.18e-05
[2026-04-28 18:46:51] [INFO] Epoch [52/150] Train Loss: 9.9900e+02 Acc@1: 78.27 Acc@5: 91.19 | Val Loss: 2.1075e+00 Acc@1: 62.35 Acc@5: 85.78 | LR: 3.14e-05
[2026-04-28 18:47:32] [INFO] Epoch [53/150] Train Loss: 9.9900e+02 Acc@1: 75.70 Acc@5: 89.53 | Val Loss: 2.0992e+00 Acc@1: 62.46 Acc@5: 85.61 | LR: 3.11e-05
[2026-04-28 18:48:12] [INFO] Epoch [54/150] Train Loss: 9.9900e+02 Acc@1: 77.20 Acc@5: 90.65 | Val Loss: 2.0982e+00 Acc@1: 62.50 Acc@5: 85.45 | LR: 3.07e-05
[2026-04-28 18:48:51] [INFO] Epoch [55/150] Train Loss: 9.9900e+02 Acc@1: 78.40 Acc@5: 91.24 | Val Loss: 2.0945e+00 Acc@1: 62.77 Acc@5: 85.81 | LR: 3.03e-05
[2026-04-28 18:49:31] [INFO] Epoch [56/150] Train Loss: 9.9900e+02 Acc@1: 78.98 Acc@5: 91.71 | Val Loss: 2.0967e+00 Acc@1: 62.44 Acc@5: 85.58 | LR: 3.00e-05
[2026-04-28 18:50:12] [INFO] Epoch [57/150] Train Loss: 9.9900e+02 Acc@1: 75.29 Acc@5: 89.80 | Val Loss: 2.0906e+00 Acc@1: 62.86 Acc@5: 85.96 | LR: 2.96e-05
[2026-04-28 18:50:53] [INFO] Epoch [58/150] Train Loss: 9.9900e+02 Acc@1: 79.48 Acc@5: 91.82 | Val Loss: 2.0895e+00 Acc@1: 62.66 Acc@5: 85.99 | LR: 2.92e-05
[2026-04-28 18:51:33] [INFO] Epoch [59/150] Train Loss: 9.9900e+02 Acc@1: 80.57 Acc@5: 92.48 | Val Loss: 2.0895e+00 Acc@1: 62.46 Acc@5: 85.92 | LR: 2.88e-05
[2026-04-28 18:52:13] [INFO] Epoch [60/150] Train Loss: 9.9900e+02 Acc@1: 78.20 Acc@5: 90.94 | Val Loss: 2.0821e+00 Acc@1: 62.84 Acc@5: 86.05 | LR: 2.84e-05
[2026-04-28 18:52:53] [INFO] Epoch [61/150] Train Loss: 9.9900e+02 Acc@1: 79.55 Acc@5: 91.79 | Val Loss: 2.0887e+00 Acc@1: 62.84 Acc@5: 85.90 | LR: 2.80e-05
[2026-04-28 18:53:32] [INFO] Epoch [62/150] Train Loss: 9.9900e+02 Acc@1: 78.79 Acc@5: 90.96 | Val Loss: 2.0922e+00 Acc@1: 62.79 Acc@5: 85.72 | LR: 2.76e-05
[2026-04-28 18:54:12] [INFO] Epoch [63/150] Train Loss: 9.9900e+02 Acc@1: 76.72 Acc@5: 90.03 | Val Loss: 2.1205e+00 Acc@1: 62.41 Acc@5: 85.65 | LR: 2.72e-05
[2026-04-28 18:54:51] [INFO] Epoch [64/150] Train Loss: 9.9900e+02 Acc@1: 80.74 Acc@5: 92.53 | Val Loss: 2.0884e+00 Acc@1: 62.70 Acc@5: 85.99 | LR: 2.68e-05
[2026-04-28 18:55:30] [INFO] Epoch [65/150] Train Loss: 9.9900e+02 Acc@1: 78.01 Acc@5: 91.24 | Val Loss: 2.0822e+00 Acc@1: 63.08 Acc@5: 85.96 | LR: 2.64e-05
[2026-04-28 18:56:09] [INFO] Epoch [66/150] Train Loss: 9.9900e+02 Acc@1: 78.60 Acc@5: 91.44 | Val Loss: 2.0821e+00 Acc@1: 63.04 Acc@5: 85.92 | LR: 2.60e-05
[2026-04-28 18:56:48] [INFO] Epoch [67/150] Train Loss: 9.9900e+02 Acc@1: 79.35 Acc@5: 91.91 | Val Loss: 2.0821e+00 Acc@1: 63.04 Acc@5: 86.03 | LR: 2.56e-05
[2026-04-28 18:57:28] [INFO] Epoch [68/150] Train Loss: 9.9900e+02 Acc@1: 80.23 Acc@5: 92.30 | Val Loss: 2.0867e+00 Acc@1: 62.88 Acc@5: 85.52 | LR: 2.51e-05
[2026-04-28 18:58:08] [INFO] Epoch [69/150] Train Loss: 9.9900e+02 Acc@1: 78.36 Acc@5: 91.27 | Val Loss: 2.0811e+00 Acc@1: 62.95 Acc@5: 85.99 | LR: 2.47e-05
[2026-04-28 18:58:47] [INFO] Epoch [70/150] Train Loss: 9.9900e+02 Acc@1: 79.79 Acc@5: 91.99 | Val Loss: 2.0893e+00 Acc@1: 62.75 Acc@5: 85.90 | LR: 2.43e-05
[2026-04-28 18:59:27] [INFO] Epoch [71/150] Train Loss: 9.9900e+02 Acc@1: 78.63 Acc@5: 91.41 | Val Loss: 2.0995e+00 Acc@1: 62.46 Acc@5: 85.36 | LR: 2.39e-05
[2026-04-28 19:00:06] [INFO] Epoch [72/150] Train Loss: 9.9900e+02 Acc@1: 78.56 Acc@5: 91.54 | Val Loss: 2.0825e+00 Acc@1: 62.86 Acc@5: 85.94 | LR: 2.34e-05
[2026-04-28 19:00:46] [INFO] Epoch [73/150] Train Loss: 9.9900e+02 Acc@1: 78.53 Acc@5: 91.62 | Val Loss: 2.0840e+00 Acc@1: 62.79 Acc@5: 85.83 | LR: 2.30e-05
[2026-04-28 19:01:26] [INFO] Epoch [74/150] Train Loss: 9.9900e+02 Acc@1: 79.02 Acc@5: 91.83 | Val Loss: 2.0908e+00 Acc@1: 62.82 Acc@5: 85.83 | LR: 2.26e-05
[2026-04-28 19:02:06] [INFO] Epoch [75/150] Train Loss: 9.9900e+02 Acc@1: 80.65 Acc@5: 92.31 | Val Loss: 2.0839e+00 Acc@1: 63.02 Acc@5: 85.92 | LR: 2.21e-05
[2026-04-28 19:02:46] [INFO] Epoch [76/150] Train Loss: 9.9900e+02 Acc@1: 79.89 Acc@5: 91.88 | Val Loss: 2.0831e+00 Acc@1: 62.82 Acc@5: 86.01 | LR: 2.17e-05
[2026-04-28 19:03:26] [INFO] Epoch [77/150] Train Loss: 9.9900e+02 Acc@1: 77.88 Acc@5: 91.12 | Val Loss: 2.0828e+00 Acc@1: 63.11 Acc@5: 85.92 | LR: 2.13e-05
[2026-04-28 19:04:06] [INFO] Epoch [78/150] Train Loss: 9.9900e+02 Acc@1: 79.30 Acc@5: 91.59 | Val Loss: 2.0829e+00 Acc@1: 63.11 Acc@5: 85.90 | LR: 2.08e-05
[2026-04-28 19:04:46] [INFO] Epoch [79/150] Train Loss: 9.9900e+02 Acc@1: 78.05 Acc@5: 90.87 | Val Loss: 2.0808e+00 Acc@1: 63.00 Acc@5: 85.92 | LR: 2.04e-05
[2026-04-28 19:05:25] [INFO] Epoch [80/150] Train Loss: 9.9900e+02 Acc@1: 79.64 Acc@5: 91.62 | Val Loss: 2.0813e+00 Acc@1: 62.79 Acc@5: 85.76 | LR: 2.00e-05
[2026-04-28 19:06:06] [INFO] Epoch [81/150] Train Loss: 9.9900e+02 Acc@1: 77.05 Acc@5: 90.72 | Val Loss: 2.0770e+00 Acc@1: 63.44 Acc@5: 85.67 | LR: 1.95e-05
[2026-04-28 19:06:47] [INFO] Epoch [82/150] Train Loss: 9.9900e+02 Acc@1: 79.77 Acc@5: 91.81 | Val Loss: 2.0745e+00 Acc@1: 63.33 Acc@5: 85.96 | LR: 1.91e-05
[2026-04-28 19:07:27] [INFO] Epoch [83/150] Train Loss: 9.9900e+02 Acc@1: 79.68 Acc@5: 91.79 | Val Loss: 2.0990e+00 Acc@1: 63.04 Acc@5: 85.61 | LR: 1.87e-05
[2026-04-28 19:08:07] [INFO] Epoch [84/150] Train Loss: 9.9900e+02 Acc@1: 79.18 Acc@5: 91.37 | Val Loss: 2.0826e+00 Acc@1: 63.29 Acc@5: 85.76 | LR: 1.82e-05
[2026-04-28 19:08:47] [INFO] Epoch [85/150] Train Loss: 9.9900e+02 Acc@1: 80.82 Acc@5: 92.79 | Val Loss: 2.0862e+00 Acc@1: 63.00 Acc@5: 85.70 | LR: 1.78e-05
[2026-04-28 19:09:27] [INFO] Epoch [86/150] Train Loss: 9.9900e+02 Acc@1: 76.22 Acc@5: 90.13 | Val Loss: 2.0881e+00 Acc@1: 62.95 Acc@5: 85.49 | LR: 1.74e-05
[2026-04-28 19:10:08] [INFO] Epoch [87/150] Train Loss: 9.9900e+02 Acc@1: 79.83 Acc@5: 92.19 | Val Loss: 2.0781e+00 Acc@1: 63.33 Acc@5: 85.87 | LR: 1.69e-05
[2026-04-28 19:10:49] [INFO] Epoch [88/150] Train Loss: 9.9900e+02 Acc@1: 79.42 Acc@5: 92.05 | Val Loss: 2.0908e+00 Acc@1: 62.79 Acc@5: 85.70 | LR: 1.65e-05
[2026-04-28 19:11:30] [INFO] Epoch [89/150] Train Loss: 9.9900e+02 Acc@1: 79.79 Acc@5: 92.06 | Val Loss: 2.0754e+00 Acc@1: 63.13 Acc@5: 85.99 | LR: 1.61e-05
[2026-04-28 19:12:10] [INFO] Epoch [90/150] Train Loss: 9.9900e+02 Acc@1: 78.15 Acc@5: 90.72 | Val Loss: 2.0714e+00 Acc@1: 63.64 Acc@5: 86.10 | LR: 1.57e-05
[2026-04-28 19:12:51] [INFO] Epoch [91/150] Train Loss: 9.9900e+02 Acc@1: 81.14 Acc@5: 92.54 | Val Loss: 2.0828e+00 Acc@1: 63.04 Acc@5: 85.63 | LR: 1.52e-05
[2026-04-28 19:13:32] [INFO] Epoch [92/150] Train Loss: 9.9900e+02 Acc@1: 77.31 Acc@5: 90.51 | Val Loss: 2.0839e+00 Acc@1: 63.04 Acc@5: 85.92 | LR: 1.48e-05
[2026-04-28 19:14:12] [INFO] Epoch [93/150] Train Loss: 9.9900e+02 Acc@1: 80.61 Acc@5: 92.37 | Val Loss: 2.0797e+00 Acc@1: 62.95 Acc@5: 85.74 | LR: 1.44e-05
[2026-04-28 19:14:52] [INFO] Epoch [94/150] Train Loss: 9.9900e+02 Acc@1: 80.06 Acc@5: 92.21 | Val Loss: 2.0883e+00 Acc@1: 62.95 Acc@5: 85.61 | LR: 1.40e-05
[2026-04-28 19:15:33] [INFO] Epoch [95/150] Train Loss: 9.9900e+02 Acc@1: 76.41 Acc@5: 90.10 | Val Loss: 2.0939e+00 Acc@1: 62.75 Acc@5: 85.67 | LR: 1.36e-05
[2026-04-28 19:16:14] [INFO] Epoch [96/150] Train Loss: 9.9900e+02 Acc@1: 80.39 Acc@5: 91.91 | Val Loss: 2.0732e+00 Acc@1: 63.31 Acc@5: 85.87 | LR: 1.32e-05
[2026-04-28 19:16:54] [INFO] Epoch [97/150] Train Loss: 9.9900e+02 Acc@1: 78.72 Acc@5: 91.20 | Val Loss: 2.0755e+00 Acc@1: 63.33 Acc@5: 85.94 | LR: 1.28e-05
[2026-04-28 19:17:35] [INFO] Epoch [98/150] Train Loss: 9.9900e+02 Acc@1: 79.94 Acc@5: 92.03 | Val Loss: 2.0716e+00 Acc@1: 63.22 Acc@5: 85.87 | LR: 1.24e-05
[2026-04-28 19:18:16] [INFO] Epoch [99/150] Train Loss: 9.9900e+02 Acc@1: 79.46 Acc@5: 91.75 | Val Loss: 2.0724e+00 Acc@1: 63.06 Acc@5: 86.10 | LR: 1.20e-05
[2026-04-28 19:18:55] [INFO] Epoch [100/150] Train Loss: 9.9900e+02 Acc@1: 80.10 Acc@5: 92.03 | Val Loss: 2.0740e+00 Acc@1: 63.11 Acc@5: 85.78 | LR: 1.16e-05
[2026-04-28 19:19:34] [INFO] Epoch [101/150] Train Loss: 9.9900e+02 Acc@1: 77.57 Acc@5: 90.58 | Val Loss: 2.0742e+00 Acc@1: 63.15 Acc@5: 85.94 | LR: 1.12e-05
[2026-04-28 19:20:13] [INFO] Epoch [102/150] Train Loss: 9.9900e+02 Acc@1: 81.79 Acc@5: 92.83 | Val Loss: 2.0784e+00 Acc@1: 63.22 Acc@5: 85.65 | LR: 1.08e-05
[2026-04-28 19:20:53] [INFO] Epoch [103/150] Train Loss: 9.9900e+02 Acc@1: 78.74 Acc@5: 91.33 | Val Loss: 2.0787e+00 Acc@1: 63.58 Acc@5: 85.85 | LR: 1.04e-05
[2026-04-28 19:21:32] [INFO] Epoch [104/150] Train Loss: 9.9900e+02 Acc@1: 80.75 Acc@5: 92.34 | Val Loss: 2.0767e+00 Acc@1: 63.40 Acc@5: 85.85 | LR: 1.01e-05
[2026-04-28 19:22:13] [INFO] Epoch [105/150] Train Loss: 9.9900e+02 Acc@1: 80.24 Acc@5: 92.34 | Val Loss: 2.0839e+00 Acc@1: 63.24 Acc@5: 85.76 | LR: 9.71e-06
[2026-04-28 19:22:53] [INFO] Epoch [106/150] Train Loss: 9.9900e+02 Acc@1: 77.30 Acc@5: 90.75 | Val Loss: 2.0877e+00 Acc@1: 63.17 Acc@5: 85.56 | LR: 9.35e-06
[2026-04-28 19:23:34] [INFO] Epoch [107/150] Train Loss: 9.9900e+02 Acc@1: 77.96 Acc@5: 90.99 | Val Loss: 2.0745e+00 Acc@1: 63.40 Acc@5: 85.99 | LR: 9.00e-06
[2026-04-28 19:24:14] [INFO] Epoch [108/150] Train Loss: 9.9900e+02 Acc@1: 80.65 Acc@5: 92.04 | Val Loss: 2.0726e+00 Acc@1: 63.44 Acc@5: 85.72 | LR: 8.65e-06
[2026-04-28 19:24:55] [INFO] Epoch [109/150] Train Loss: 9.9900e+02 Acc@1: 80.32 Acc@5: 92.39 | Val Loss: 2.0721e+00 Acc@1: 63.44 Acc@5: 86.01 | LR: 8.30e-06
[2026-04-28 19:25:35] [INFO] Epoch [110/150] Train Loss: 9.9900e+02 Acc@1: 78.52 Acc@5: 90.86 | Val Loss: 2.0921e+00 Acc@1: 62.84 Acc@5: 85.70 | LR: 7.97e-06
[2026-04-28 19:26:16] [INFO] Epoch [111/150] Train Loss: 9.9900e+02 Acc@1: 79.68 Acc@5: 92.50 | Val Loss: 2.0780e+00 Acc@1: 63.13 Acc@5: 85.85 | LR: 7.63e-06
[2026-04-28 19:26:56] [INFO] Epoch [112/150] Train Loss: 9.9900e+02 Acc@1: 79.01 Acc@5: 91.62 | Val Loss: 2.0780e+00 Acc@1: 63.20 Acc@5: 85.81 | LR: 7.31e-06
[2026-04-28 19:27:36] [INFO] Epoch [113/150] Train Loss: 9.9900e+02 Acc@1: 80.18 Acc@5: 91.91 | Val Loss: 2.0778e+00 Acc@1: 63.24 Acc@5: 85.90 | LR: 6.99e-06
[2026-04-28 19:28:17] [INFO] Epoch [114/150] Train Loss: 9.9900e+02 Acc@1: 79.44 Acc@5: 91.70 | Val Loss: 2.0780e+00 Acc@1: 63.33 Acc@5: 85.99 | LR: 6.68e-06
[2026-04-28 19:28:57] [INFO] Epoch [115/150] Train Loss: 9.9900e+02 Acc@1: 80.31 Acc@5: 91.87 | Val Loss: 2.0768e+00 Acc@1: 63.33 Acc@5: 85.85 | LR: 6.38e-06
[2026-04-28 19:29:38] [INFO] Epoch [116/150] Train Loss: 9.9900e+02 Acc@1: 80.17 Acc@5: 91.97 | Val Loss: 2.0797e+00 Acc@1: 63.13 Acc@5: 85.83 | LR: 6.08e-06
[2026-04-28 19:30:19] [INFO] Epoch [117/150] Train Loss: 9.9900e+02 Acc@1: 78.35 Acc@5: 91.09 | Val Loss: 2.0711e+00 Acc@1: 63.47 Acc@5: 86.03 | LR: 5.79e-06
[2026-04-28 19:30:59] [INFO] Epoch [118/150] Train Loss: 9.9900e+02 Acc@1: 78.48 Acc@5: 91.26 | Val Loss: 2.0832e+00 Acc@1: 63.15 Acc@5: 85.83 | LR: 5.51e-06
[2026-04-28 19:31:39] [INFO] Epoch [119/150] Train Loss: 9.9900e+02 Acc@1: 80.82 Acc@5: 92.75 | Val Loss: 2.0764e+00 Acc@1: 63.29 Acc@5: 85.81 | LR: 5.23e-06
[2026-04-28 19:32:20] [INFO] Epoch [120/150] Train Loss: 9.9900e+02 Acc@1: 79.54 Acc@5: 92.05 | Val Loss: 2.0789e+00 Acc@1: 63.29 Acc@5: 85.92 | LR: 4.96e-06
[2026-04-28 19:33:00] [INFO] Epoch [121/150] Train Loss: 9.9900e+02 Acc@1: 78.20 Acc@5: 91.12 | Val Loss: 2.0795e+00 Acc@1: 63.42 Acc@5: 86.03 | LR: 4.70e-06
[2026-04-28 19:33:41] [INFO] Epoch [122/150] Train Loss: 9.9900e+02 Acc@1: 77.60 Acc@5: 91.10 | Val Loss: 2.0819e+00 Acc@1: 63.02 Acc@5: 85.99 | LR: 4.45e-06
[2026-04-28 19:34:22] [INFO] Epoch [123/150] Train Loss: 9.9900e+02 Acc@1: 79.89 Acc@5: 92.11 | Val Loss: 2.0710e+00 Acc@1: 63.17 Acc@5: 85.96 | LR: 4.21e-06
[2026-04-28 19:35:04] [INFO] Epoch [124/150] Train Loss: 9.9900e+02 Acc@1: 78.90 Acc@5: 91.51 | Val Loss: 2.0771e+00 Acc@1: 63.29 Acc@5: 86.01 | LR: 3.97e-06
[2026-04-28 19:35:45] [INFO] Epoch [125/150] Train Loss: 9.9900e+02 Acc@1: 81.48 Acc@5: 92.71 | Val Loss: 2.0821e+00 Acc@1: 63.11 Acc@5: 85.78 | LR: 3.75e-06
[2026-04-28 19:36:24] [INFO] Epoch [126/150] Train Loss: 9.9900e+02 Acc@1: 76.90 Acc@5: 90.09 | Val Loss: 2.1016e+00 Acc@1: 62.61 Acc@5: 85.34 | LR: 3.53e-06
[2026-04-28 19:37:05] [INFO] Epoch [127/150] Train Loss: 9.9900e+02 Acc@1: 80.39 Acc@5: 92.06 | Val Loss: 2.0764e+00 Acc@1: 63.15 Acc@5: 86.01 | LR: 3.32e-06
[2026-04-28 19:37:46] [INFO] Epoch [128/150] Train Loss: 9.9900e+02 Acc@1: 77.59 Acc@5: 90.62 | Val Loss: 2.0843e+00 Acc@1: 63.31 Acc@5: 85.76 | LR: 3.11e-06
[2026-04-28 19:38:25] [INFO] Epoch [129/150] Train Loss: 9.9900e+02 Acc@1: 78.83 Acc@5: 91.50 | Val Loss: 2.0814e+00 Acc@1: 63.26 Acc@5: 85.61 | LR: 2.92e-06
[2026-04-28 19:39:07] [INFO] Epoch [130/150] Train Loss: 9.9900e+02 Acc@1: 77.55 Acc@5: 90.82 | Val Loss: 2.0812e+00 Acc@1: 63.26 Acc@5: 85.81 | LR: 2.74e-06
[2026-04-28 19:39:48] [INFO] Epoch [131/150] Train Loss: 9.9900e+02 Acc@1: 78.98 Acc@5: 91.78 | Val Loss: 2.0841e+00 Acc@1: 63.04 Acc@5: 85.58 | LR: 2.56e-06
[2026-04-28 19:40:27] [INFO] Epoch [132/150] Train Loss: 9.9900e+02 Acc@1: 79.34 Acc@5: 91.84 | Val Loss: 2.0744e+00 Acc@1: 63.11 Acc@5: 85.76 | LR: 2.39e-06
[2026-04-28 19:41:08] [INFO] Epoch [133/150] Train Loss: 9.9900e+02 Acc@1: 79.12 Acc@5: 91.58 | Val Loss: 2.0818e+00 Acc@1: 63.13 Acc@5: 85.78 | LR: 2.24e-06
[2026-04-28 19:41:49] [INFO] Epoch [134/150] Train Loss: 9.9900e+02 Acc@1: 80.34 Acc@5: 91.86 | Val Loss: 2.0699e+00 Acc@1: 63.13 Acc@5: 86.12 | LR: 2.09e-06
[2026-04-28 19:42:30] [INFO] Epoch [135/150] Train Loss: 9.9900e+02 Acc@1: 78.14 Acc@5: 90.76 | Val Loss: 2.0776e+00 Acc@1: 63.24 Acc@5: 85.81 | LR: 1.95e-06
[2026-04-28 19:43:11] [INFO] Epoch [136/150] Train Loss: 9.9900e+02 Acc@1: 79.87 Acc@5: 92.23 | Val Loss: 2.0834e+00 Acc@1: 63.24 Acc@5: 85.52 | LR: 1.82e-06
[2026-04-28 19:43:54] [INFO] Epoch [137/150] Train Loss: 9.9900e+02 Acc@1: 78.17 Acc@5: 91.04 | Val Loss: 2.0965e+00 Acc@1: 63.02 Acc@5: 85.49 | LR: 1.70e-06
[2026-04-28 19:44:34] [INFO] Epoch [138/150] Train Loss: 9.9900e+02 Acc@1: 80.32 Acc@5: 92.16 | Val Loss: 2.0804e+00 Acc@1: 63.31 Acc@5: 85.63 | LR: 1.59e-06
[2026-04-28 19:45:14] [INFO] Epoch [139/150] Train Loss: 9.9900e+02 Acc@1: 80.63 Acc@5: 92.47 | Val Loss: 2.0801e+00 Acc@1: 63.22 Acc@5: 85.54 | LR: 1.49e-06
[2026-04-28 19:45:54] [INFO] Epoch [140/150] Train Loss: 9.9900e+02 Acc@1: 80.05 Acc@5: 92.03 | Val Loss: 2.0670e+00 Acc@1: 63.55 Acc@5: 85.94 | LR: 1.39e-06
[2026-04-28 19:46:35] [INFO] Epoch [141/150] Train Loss: 9.9900e+02 Acc@1: 77.58 Acc@5: 90.70 | Val Loss: 2.0796e+00 Acc@1: 63.00 Acc@5: 85.72 | LR: 1.31e-06
[2026-04-28 19:47:15] [INFO] Epoch [142/150] Train Loss: 9.9900e+02 Acc@1: 79.23 Acc@5: 91.85 | Val Loss: 2.0778e+00 Acc@1: 63.22 Acc@5: 85.99 | LR: 1.24e-06
[2026-04-28 19:47:57] [INFO] Epoch [143/150] Train Loss: 9.9900e+02 Acc@1: 80.07 Acc@5: 91.70 | Val Loss: 2.0767e+00 Acc@1: 63.29 Acc@5: 85.78 | LR: 1.18e-06
[2026-04-28 19:48:37] [INFO] Epoch [144/150] Train Loss: 9.9900e+02 Acc@1: 78.65 Acc@5: 91.54 | Val Loss: 2.0752e+00 Acc@1: 63.26 Acc@5: 85.99 | LR: 1.12e-06
[2026-04-28 19:49:19] [INFO] Epoch [145/150] Train Loss: 9.9900e+02 Acc@1: 78.49 Acc@5: 91.24 | Val Loss: 2.0759e+00 Acc@1: 63.51 Acc@5: 85.85 | LR: 1.08e-06
[2026-04-28 19:49:59] [INFO] Epoch [146/150] Train Loss: 9.9900e+02 Acc@1: 77.77 Acc@5: 90.96 | Val Loss: 2.0734e+00 Acc@1: 63.35 Acc@5: 85.85 | LR: 1.04e-06
[2026-04-28 19:50:38] [INFO] Epoch [147/150] Train Loss: 9.9900e+02 Acc@1: 78.68 Acc@5: 90.96 | Val Loss: 2.0800e+00 Acc@1: 63.29 Acc@5: 85.67 | LR: 1.02e-06
[2026-04-28 19:51:19] [INFO] Epoch [148/150] Train Loss: 9.9900e+02 Acc@1: 78.10 Acc@5: 91.36 | Val Loss: 2.0727e+00 Acc@1: 63.49 Acc@5: 86.10 | LR: 1.00e-06
[2026-04-28 19:52:00] [INFO] Epoch [149/150] Train Loss: 9.9900e+02 Acc@1: 78.75 Acc@5: 91.44 | Val Loss: 2.0837e+00 Acc@1: 63.15 Acc@5: 85.52 | LR: 1.00e-06
[2026-04-28 19:52:00] [INFO] ============================================================
[2026-04-28 19:52:00] [INFO] Training complete. Running final test evaluation...
[2026-04-28 19:52:00] [INFO] Loaded best model from /root/autodl-tmp/results_v6/ip102_full/ip102_full/best_model.pth
[2026-04-28 19:52:06] [INFO] Final Test - Acc@1: 63.496 | Acc@5: 86.461 | Loss: 2.0558e+00
[2026-04-28 19:52:06] [INFO] Best Val Acc@1: 63.645
[2026-04-28 19:52:06] [INFO] Results saved to /root/autodl-tmp/results_v6/ip102_full/ip102_full/results.json
